Output Path: /workspace/vamb-data/1229fa/corpus7/model_params_bs_8sl_512/pre_h512-l12-a8-b32-lr0.003-lmTrue-pairFalse-ga20-2022_03_24_17_11_00
Loading Vocab:	 /workspace/vamb-data/1229fa/pool7mer.vocab
Vocab Size:	 33317
Loading Train Dataset /workspace/vamb-data/1229fa/corpus7/bs_8sl_512/corpus.fa.500.frag.7mer
	The number of Batches:	 1038192
	Batch size:	 32
	Seq len:	 256
Creating Dataloader
Building BERT model
Traceback (most recent call last):
  File "/opt/conda/envs/newclbert/bin/bibert", line 33, in <module>
    sys.exit(load_entry_point('clusterbert', 'console_scripts', 'bibert')())
  File "/workspace/MG-DL/MG-tools/ClusterBERT/clusterbert/bibert/__main__.py", line 339, in train
    run_bert(args, output_path)
  File "/workspace/MG-DL/MG-tools/ClusterBERT/clusterbert/bibert/__main__.py", line 282, in run_bert
    trainer, train_data_loader, test_data_loader, config = trainer_builder(
  File "/workspace/MG-DL/MG-tools/ClusterBERT/clusterbert/bibert/__main__.py", line 235, in trainer_builder
    bert = BERT(config)
  File "/workspace/MG-DL/MG-tools/ClusterBERT/clusterbert/bibert/model/bert.py", line 41, in __init__
    self.embedding = BERTEmbedding(vocab_size=config.vocab_size, embed_size=config.hidden,dropout = config.dropout)
  File "/workspace/MG-DL/MG-tools/ClusterBERT/clusterbert/bibert/model/embedding/bert.py", line 33, in __init__
    self.position = PositionalEmbedding(d_model=self.token.embedding_dim)
  File "/workspace/MG-DL/MG-tools/ClusterBERT/clusterbert/bibert/model/embedding/position.py", line 29, in __init__
    pe = pe.unsqueeze(0).cuda()
  File "/opt/conda/envs/newclbert/lib/python3.8/site-packages/torch-1.11.0-py3.8-linux-x86_64.egg/torch/cuda/__init__.py", line 216, in _lazy_init
    torch._C._cuda_init()
RuntimeError: The NVIDIA driver on your system is too old (found version 10010). Please update your GPU driver by downloading and installing a new version from the URL: http://www.nvidia.com/Download/index.aspx Alternatively, go to: https://pytorch.org to install a PyTorch version that has been compiled with your version of the CUDA driver.
Output Path: /workspace/vamb-data/1229fa/corpus7/model_params_bs_8sl_512/pre_h512-l12-a8-b32-lr0.003-lmTrue-pairFalse-ga20-2022_03_24_17_11_15
Loading Vocab:	 /workspace/vamb-data/1229fa/pool7mer.vocab
Vocab Size:	 33317
Loading Train Dataset /workspace/vamb-data/1229fa/corpus7/bs_8sl_512/corpus.fa.500.frag.7mer
	The number of Batches:	 1038192
	Batch size:	 32
	Seq len:	 256
Creating Dataloader
Building BERT model
Traceback (most recent call last):
  File "/opt/conda/envs/newclbert/bin/bibert", line 33, in <module>
    sys.exit(load_entry_point('clusterbert', 'console_scripts', 'bibert')())
  File "/workspace/MG-DL/MG-tools/ClusterBERT/clusterbert/bibert/__main__.py", line 339, in train
    run_bert(args, output_path)
  File "/workspace/MG-DL/MG-tools/ClusterBERT/clusterbert/bibert/__main__.py", line 282, in run_bert
    trainer, train_data_loader, test_data_loader, config = trainer_builder(
  File "/workspace/MG-DL/MG-tools/ClusterBERT/clusterbert/bibert/__main__.py", line 235, in trainer_builder
    bert = BERT(config)
  File "/workspace/MG-DL/MG-tools/ClusterBERT/clusterbert/bibert/model/bert.py", line 41, in __init__
    self.embedding = BERTEmbedding(vocab_size=config.vocab_size, embed_size=config.hidden,dropout = config.dropout)
  File "/workspace/MG-DL/MG-tools/ClusterBERT/clusterbert/bibert/model/embedding/bert.py", line 33, in __init__
    self.position = PositionalEmbedding(d_model=self.token.embedding_dim)
  File "/workspace/MG-DL/MG-tools/ClusterBERT/clusterbert/bibert/model/embedding/position.py", line 29, in __init__
    pe = pe.unsqueeze(0).cuda()
  File "/opt/conda/envs/newclbert/lib/python3.8/site-packages/torch-1.11.0-py3.8-linux-x86_64.egg/torch/cuda/__init__.py", line 216, in _lazy_init
    torch._C._cuda_init()
RuntimeError: The NVIDIA driver on your system is too old (found version 10010). Please update your GPU driver by downloading and installing a new version from the URL: http://www.nvidia.com/Download/index.aspx Alternatively, go to: https://pytorch.org to install a PyTorch version that has been compiled with your version of the CUDA driver.
Output Path: /workspace/vamb-data/1229fa/corpus7/model_params_bs_8sl_512/pre_h512-l12-a8-b32-lr0.003-lmTrue-pairFalse-ga20-2022_03_24_17_25_16
Loading Vocab:	 /workspace/vamb-data/1229fa/pool7mer.vocab
Vocab Size:	 33317
Loading Train Dataset /workspace/vamb-data/1229fa/corpus7/bs_8sl_512/corpus.fa.500.frag.7mer
	The number of Batches:	 1038192
	Batch size:	 32
	Seq len:	 256
Creating Dataloader
Building BERT model
Traceback (most recent call last):
  File "/opt/conda/envs/newclbert/bin/bibert", line 33, in <module>
    sys.exit(load_entry_point('clusterbert', 'console_scripts', 'bibert')())
  File "/workspace/MG-DL/MG-tools/ClusterBERT/clusterbert/bibert/__main__.py", line 339, in train
    run_bert(args, output_path)
  File "/workspace/MG-DL/MG-tools/ClusterBERT/clusterbert/bibert/__main__.py", line 282, in run_bert
    trainer, train_data_loader, test_data_loader, config = trainer_builder(
  File "/workspace/MG-DL/MG-tools/ClusterBERT/clusterbert/bibert/__main__.py", line 235, in trainer_builder
    bert = BERT(config)
  File "/workspace/MG-DL/MG-tools/ClusterBERT/clusterbert/bibert/model/bert.py", line 41, in __init__
    self.embedding = BERTEmbedding(vocab_size=config.vocab_size, embed_size=config.hidden,dropout = config.dropout)
  File "/workspace/MG-DL/MG-tools/ClusterBERT/clusterbert/bibert/model/embedding/bert.py", line 33, in __init__
    self.position = PositionalEmbedding(d_model=self.token.embedding_dim)
  File "/workspace/MG-DL/MG-tools/ClusterBERT/clusterbert/bibert/model/embedding/position.py", line 29, in __init__
    pe = pe.unsqueeze(0).cuda()
  File "/opt/conda/envs/newclbert/lib/python3.8/site-packages/torch-1.6.0-py3.8-linux-x86_64.egg/torch/cuda/__init__.py", line 186, in _lazy_init
    _check_driver()
  File "/opt/conda/envs/newclbert/lib/python3.8/site-packages/torch-1.6.0-py3.8-linux-x86_64.egg/torch/cuda/__init__.py", line 71, in _check_driver
    raise AssertionError("""
AssertionError: 
The NVIDIA driver on your system is too old (found version 10010).
Please update your GPU driver by downloading and installing a new
version from the URL: http://www.nvidia.com/Download/index.aspx
Alternatively, go to: https://pytorch.org to install
a PyTorch version that has been compiled with your version
of the CUDA driver.
